E:\MY CODE\ABET\ABET-SERVER\DEBUG\ABET-SERVER.EXE.EMBED.MANIFEST
E:\MY CODE\ABET\ABET-SERVER\DEBUG\ABET-SERVER.EXE.EMBED.MANIFEST.RES
E:\MY CODE\ABET\ABET-SERVER\DEBUG\ABET-SERVER.EXE.INTERMEDIATE.MANIFEST
E:\MY CODE\ABET\ABET-SERVER\DEBUG\SOAPC.OBJ
E:\MY CODE\ABET\ABET-SERVER\DEBUG\SOAPSERVER.OBJ
E:\MY CODE\ABET\ABET-SERVER\DEBUG\STDSOAP2.OBJ
E:\MY CODE\ABET\ABET-SERVER\DEBUG\UDPSERVER.OBJ
E:\MY CODE\ABET\ABET-SERVER\DEBUG\VC100.PDB
E:\MY CODE\ABET\DEBUG\ABET-SERVER.EXE
E:\MY CODE\ABET\DEBUG\ABET-SERVER.ILK
E:\MY CODE\ABET\DEBUG\ABET-SERVER.PDB
E:\My Code\ABET-Tool\ABET-Server\Debug\ABET-Server.exe.embed.manifest
E:\My Code\ABET-Tool\ABET-Server\Debug\ABET-Server.exe.embed.manifest.res
E:\My Code\ABET-Tool\ABET-Server\Debug\ABET-Server.exe.intermediate.manifest
E:\My Code\ABET-Tool\ABET-Server\Debug\ABET-Server.write.1.tlog
E:\My Code\ABET-Tool\ABET-Server\Debug\ABET-Server_manifest.rc
E:\My Code\ABET-Tool\ABET-Server\Debug\cl.command.1.tlog
E:\My Code\ABET-Tool\ABET-Server\Debug\CL.read.1.tlog
E:\My Code\ABET-Tool\ABET-Server\Debug\CL.write.1.tlog
E:\My Code\ABET-Tool\ABET-Server\Debug\link.5708.read.1.tlog
E:\My Code\ABET-Tool\ABET-Server\Debug\link.5708.write.1.tlog
E:\My Code\ABET-Tool\ABET-Server\Debug\link.5708-cvtres.read.1.tlog
E:\My Code\ABET-Tool\ABET-Server\Debug\link.5708-cvtres.write.1.tlog
E:\My Code\ABET-Tool\ABET-Server\Debug\link.command.1.tlog
E:\My Code\ABET-Tool\ABET-Server\Debug\link.read.1.tlog
E:\My Code\ABET-Tool\ABET-Server\Debug\link.write.1.tlog
E:\My Code\ABET-Tool\ABET-Server\Debug\link-cvtres.read.1.tlog
E:\My Code\ABET-Tool\ABET-Server\Debug\link-cvtres.write.1.tlog
E:\My Code\ABET-Tool\ABET-Server\Debug\mt.command.1.tlog
E:\My Code\ABET-Tool\ABET-Server\Debug\mt.read.1.tlog
E:\My Code\ABET-Tool\ABET-Server\Debug\mt.write.1.tlog
E:\My Code\ABET-Tool\ABET-Server\Debug\rc.command.1.tlog
E:\My Code\ABET-Tool\ABET-Server\Debug\rc.read.1.tlog
E:\My Code\ABET-Tool\ABET-Server\Debug\rc.write.1.tlog
E:\My Code\ABET-Tool\ABET-Server\Debug\soapC.obj
E:\My Code\ABET-Tool\ABET-Server\Debug\soapServer.obj
E:\My Code\ABET-Tool\ABET-Server\Debug\stdsoap2.obj
E:\My Code\ABET-Tool\ABET-Server\Debug\udpserver.obj
E:\My Code\ABET-Tool\ABET-Server\Debug\vc100.idb
E:\My Code\ABET-Tool\ABET-Server\Debug\vc100.pdb
E:\My Code\ABET-Tool\Debug\ABET-Server.exe
E:\My Code\ABET-Tool\Debug\ABET-Server.ilk
E:\My Code\ABET-Tool\Debug\ABET-Server.pdb
