E:\MY CODE\ABET\ABET-CLIENT\DEBUG\ABET-CLIENT.EXE.EMBED.MANIFEST
E:\MY CODE\ABET\ABET-CLIENT\DEBUG\ABET-CLIENT.EXE.EMBED.MANIFEST.RES
E:\MY CODE\ABET\ABET-CLIENT\DEBUG\ABET-CLIENT.EXE.INTERMEDIATE.MANIFEST
E:\MY CODE\ABET\ABET-CLIENT\DEBUG\SOAPC.OBJ
E:\MY CODE\ABET\ABET-CLIENT\DEBUG\SOAPCLIENT.OBJ
E:\MY CODE\ABET\ABET-CLIENT\DEBUG\STDSOAP2.OBJ
E:\MY CODE\ABET\ABET-CLIENT\DEBUG\UDPCLIENT.OBJ
E:\MY CODE\ABET\ABET-CLIENT\DEBUG\VC100.PDB
E:\MY CODE\ABET\DEBUG\ABET-CLIENT.EXE
E:\MY CODE\ABET\DEBUG\ABET-CLIENT.ILK
E:\MY CODE\ABET\DEBUG\ABET-CLIENT.PDB
E:\My Code\ABET-Tool\ABET-Client\Debug\ABET-Client.exe.embed.manifest
E:\My Code\ABET-Tool\ABET-Client\Debug\ABET-Client.exe.embed.manifest.res
E:\My Code\ABET-Tool\ABET-Client\Debug\ABET-Client.exe.intermediate.manifest
E:\My Code\ABET-Tool\ABET-Client\Debug\ABET-Client.write.1.tlog
E:\My Code\ABET-Tool\ABET-Client\Debug\ABET-Client_manifest.rc
E:\My Code\ABET-Tool\ABET-Client\Debug\cl.command.1.tlog
E:\My Code\ABET-Tool\ABET-Client\Debug\CL.read.1.tlog
E:\My Code\ABET-Tool\ABET-Client\Debug\CL.write.1.tlog
E:\My Code\ABET-Tool\ABET-Client\Debug\link.7908.read.1.tlog
E:\My Code\ABET-Tool\ABET-Client\Debug\link.7908.write.1.tlog
E:\My Code\ABET-Tool\ABET-Client\Debug\link.7908-cvtres.read.1.tlog
E:\My Code\ABET-Tool\ABET-Client\Debug\link.7908-cvtres.write.1.tlog
E:\My Code\ABET-Tool\ABET-Client\Debug\link.command.1.tlog
E:\My Code\ABET-Tool\ABET-Client\Debug\link.read.1.tlog
E:\My Code\ABET-Tool\ABET-Client\Debug\link.write.1.tlog
E:\My Code\ABET-Tool\ABET-Client\Debug\link-cvtres.read.1.tlog
E:\My Code\ABET-Tool\ABET-Client\Debug\link-cvtres.write.1.tlog
E:\My Code\ABET-Tool\ABET-Client\Debug\mt.command.1.tlog
E:\My Code\ABET-Tool\ABET-Client\Debug\mt.read.1.tlog
E:\My Code\ABET-Tool\ABET-Client\Debug\mt.write.1.tlog
E:\My Code\ABET-Tool\ABET-Client\Debug\rc.command.1.tlog
E:\My Code\ABET-Tool\ABET-Client\Debug\rc.read.1.tlog
E:\My Code\ABET-Tool\ABET-Client\Debug\rc.write.1.tlog
E:\My Code\ABET-Tool\ABET-Client\Debug\soapC.obj
E:\My Code\ABET-Tool\ABET-Client\Debug\soapClient.obj
E:\My Code\ABET-Tool\ABET-Client\Debug\stdsoap2.obj
E:\My Code\ABET-Tool\ABET-Client\Debug\udpclient.obj
E:\My Code\ABET-Tool\ABET-Client\Debug\vc100.idb
E:\My Code\ABET-Tool\ABET-Client\Debug\vc100.pdb
E:\My Code\ABET-Tool\Debug\ABET-Client.exe
E:\My Code\ABET-Tool\Debug\ABET-Client.ilk
E:\My Code\ABET-Tool\Debug\ABET-Client.pdb
